<?xml version="1.0" encoding="UTF-8"?>
<!-- Generated by org.testng.reporters.JUnitReportReporter -->
<testsuite hostname="SVG" failures="0" tests="1" name="facebook_automation.Alerts" time="10.787" errors="0" timestamp="2022-11-07T04:39:13 IST" skipped="0">
  <testcase classname="facebook_automation.Alerts" name="Alert_confirmation_popup" time="10.787"/>
  <system-out/>
</testsuite> <!-- facebook_automation.Alerts -->
