<?xml version="1.0" encoding="UTF-8"?>
<!-- Generated by org.testng.reporters.JUnitReportReporter -->
<testsuite hostname="SVG" failures="0" tests="1" name="facebook_automation.facebook_login" time="12.344" errors="0" timestamp="2022-11-05T08:57:37 IST" skipped="0">
  <testcase classname="facebook_automation.facebook_login" name="download" time="12.344"/>
  <system-out/>
</testsuite> <!-- facebook_automation.facebook_login -->
