<?xml version="1.0" encoding="UTF-8"?>
<!-- Generated by org.testng.reporters.JUnitReportReporter -->
<testsuite hostname="SVG" failures="0" tests="1" name="facebook_automation.File_download" time="13.138" errors="0" timestamp="2022-11-07T04:51:20 IST" skipped="0">
  <testcase classname="facebook_automation.File_download" name="download" time="13.138"/>
  <system-out/>
</testsuite> <!-- facebook_automation.File_download -->
